error: cannot pull with rebase: You have unstaged changes.
error: Please commit or stash them.
To github.com:metatim89-a11y/Gameroom.git
   c737a6e..331c18d  main -> main
To github.com:metatim89-a11y/Gameroom.git
   331c18d..7a36ea1  main -> main
To github.com:metatim89-a11y/Gameroom.git
   7a36ea1..3e49d29  main -> main
To github.com:metatim89-a11y/Gameroom.git
   3e49d29..890b84c  main -> main
To github.com:metatim89-a11y/Gameroom.git
   890b84c..12816b5  main -> main
To github.com:metatim89-a11y/Gameroom.git
   12816b5..72848f3  main -> main
To github.com:metatim89-a11y/Gameroom.git
   72848f3..c6d7200  main -> main
To github.com:metatim89-a11y/Gameroom.git
   c6d7200..8efc0b7  main -> main
To github.com:metatim89-a11y/Gameroom.git
   8efc0b7..1389953  main -> main
To github.com:metatim89-a11y/Gameroom.git
   1389953..a8a1391  main -> main
To github.com:metatim89-a11y/Gameroom.git
   a8a1391..987400b  main -> main
To github.com:metatim89-a11y/Gameroom.git
   987400b..2f49eb9  main -> main
To github.com:metatim89-a11y/Gameroom.git
   2f49eb9..c26241f  main -> main
To github.com:metatim89-a11y/Gameroom.git
   c26241f..eb59933  main -> main
To github.com:metatim89-a11y/Gameroom.git
   eb59933..3013f15  main -> main
To github.com:metatim89-a11y/Gameroom.git
   3013f15..01c6baf  main -> main
To github.com:metatim89-a11y/Gameroom.git
   01c6baf..70699ae  main -> main
To github.com:metatim89-a11y/Gameroom.git
   70699ae..b3afeeb  main -> main
To github.com:metatim89-a11y/Gameroom.git
   b3afeeb..81343c0  main -> main
To github.com:metatim89-a11y/Gameroom.git
   81343c0..e50ddf6  main -> main
To github.com:metatim89-a11y/Gameroom.git
   e50ddf6..977e240  main -> main
To github.com:metatim89-a11y/Gameroom.git
   977e240..6e666a5  main -> main
To github.com:metatim89-a11y/Gameroom.git
   6e666a5..2b9fae4  main -> main
To github.com:metatim89-a11y/Gameroom.git
   2b9fae4..98642e3  main -> main
To github.com:metatim89-a11y/Gameroom.git
   98642e3..f6cf200  main -> main
To github.com:metatim89-a11y/Gameroom.git
   f6cf200..382cd8a  main -> main
To github.com:metatim89-a11y/Gameroom.git
   382cd8a..9fd240c  main -> main
To github.com:metatim89-a11y/Gameroom.git
   9fd240c..42cbd29  main -> main
To github.com:metatim89-a11y/Gameroom.git
   42cbd29..106d7e7  main -> main
To github.com:metatim89-a11y/Gameroom.git
   106d7e7..92ffb54  main -> main
To github.com:metatim89-a11y/Gameroom.git
   92ffb54..b520ee2  main -> main
To github.com:metatim89-a11y/Gameroom.git
   b520ee2..848f0d9  main -> main
To github.com:metatim89-a11y/Gameroom.git
   848f0d9..3fda99f  main -> main
To github.com:metatim89-a11y/Gameroom.git
   3fda99f..03cd112  main -> main
To github.com:metatim89-a11y/Gameroom.git
   03cd112..64c6e57  main -> main
To github.com:metatim89-a11y/Gameroom.git
   64c6e57..1070411  main -> main
To github.com:metatim89-a11y/Gameroom.git
   1070411..9dc9308  main -> main
To github.com:metatim89-a11y/Gameroom.git
   9dc9308..1ee969f  main -> main
To github.com:metatim89-a11y/Gameroom.git
   1ee969f..c1eb64c  main -> main
To github.com:metatim89-a11y/Gameroom.git
   c1eb64c..4f34a27  main -> main
To github.com:metatim89-a11y/Gameroom.git
   4f34a27..a979376  main -> main
To github.com:metatim89-a11y/Gameroom.git
   a979376..1e27a71  main -> main
To github.com:metatim89-a11y/Gameroom.git
   1e27a71..84b2341  main -> main
To github.com:metatim89-a11y/Gameroom.git
   84b2341..219c7d8  main -> main
To github.com:metatim89-a11y/Gameroom.git
   219c7d8..6d5cbe4  main -> main
To github.com:metatim89-a11y/Gameroom.git
   6d5cbe4..4e0d9bc  main -> main
To github.com:metatim89-a11y/Gameroom.git
   4e0d9bc..befad54  main -> main
To github.com:metatim89-a11y/Gameroom.git
   befad54..8ea094e  main -> main
To github.com:metatim89-a11y/Gameroom.git
   8ea094e..62694b2  main -> main
To github.com:metatim89-a11y/Gameroom.git
   62694b2..e5dc9f9  main -> main
To github.com:metatim89-a11y/Gameroom.git
   e5dc9f9..fc39671  main -> main
To github.com:metatim89-a11y/Gameroom.git
   fc39671..3584e41  main -> main
To github.com:metatim89-a11y/Gameroom.git
   3584e41..4f1288e  main -> main
To github.com:metatim89-a11y/Gameroom.git
   4f1288e..fa616a2  main -> main
To github.com:metatim89-a11y/Gameroom.git
   fa616a2..f696373  main -> main
To github.com:metatim89-a11y/Gameroom.git
   f696373..d175884  main -> main
To github.com:metatim89-a11y/Gameroom.git
   d175884..bb2ef55  main -> main
To github.com:metatim89-a11y/Gameroom.git
   bb2ef55..fe97451  main -> main
To github.com:metatim89-a11y/Gameroom.git
   fe97451..4463b55  main -> main
To github.com:metatim89-a11y/Gameroom.git
   4463b55..cbac2e1  main -> main
To github.com:metatim89-a11y/Gameroom.git
   cbac2e1..b6e0f40  main -> main
To github.com:metatim89-a11y/Gameroom.git
   b6e0f40..764cd4a  main -> main
To github.com:metatim89-a11y/Gameroom.git
   764cd4a..deb9676  main -> main
To github.com:metatim89-a11y/Gameroom.git
   deb9676..760c452  main -> main
To github.com:metatim89-a11y/Gameroom.git
   760c452..a349df3  main -> main
To github.com:metatim89-a11y/Gameroom.git
   a349df3..88f3f8a  main -> main
To github.com:metatim89-a11y/Gameroom.git
   88f3f8a..1a13614  main -> main
To github.com:metatim89-a11y/Gameroom.git
   1a13614..111ac97  main -> main
To github.com:metatim89-a11y/Gameroom.git
   111ac97..c27accf  main -> main
To github.com:metatim89-a11y/Gameroom.git
   c27accf..d76bde1  main -> main
To github.com:metatim89-a11y/Gameroom.git
   d76bde1..e59bd74  main -> main
To github.com:metatim89-a11y/Gameroom.git
   e59bd74..0f6c93f  main -> main
To github.com:metatim89-a11y/Gameroom.git
   0f6c93f..9a1d997  main -> main
To github.com:metatim89-a11y/Gameroom.git
   9a1d997..7fee9c6  main -> main
To github.com:metatim89-a11y/Gameroom.git
   7fee9c6..903f4f8  main -> main
To github.com:metatim89-a11y/Gameroom.git
   903f4f8..86e3d91  main -> main
To github.com:metatim89-a11y/Gameroom.git
   86e3d91..5cdc322  main -> main
To github.com:metatim89-a11y/Gameroom.git
   5cdc322..f989658  main -> main
To github.com:metatim89-a11y/Gameroom.git
   f989658..b8165a6  main -> main
To github.com:metatim89-a11y/Gameroom.git
   b8165a6..6b7aebe  main -> main
error: cannot pull with rebase: You have unstaged changes.
error: Please commit or stash them.
To github.com:metatim89-a11y/Gameroom.git
   6b7aebe..20c4a85  main -> main
To github.com:metatim89-a11y/Gameroom.git
   20c4a85..dfa8862  main -> main
error: cannot pull with rebase: You have unstaged changes.
error: Please commit or stash them.
To github.com:metatim89-a11y/Gameroom.git
   dfa8862..ecdf49a  main -> main
error: cannot pull with rebase: You have unstaged changes.
error: Please commit or stash them.
To github.com:metatim89-a11y/Gameroom.git
   ecdf49a..9d9efd0  main -> main
To github.com:metatim89-a11y/Gameroom.git
   9d9efd0..63f088b  main -> main
To github.com:metatim89-a11y/Gameroom.git
   63f088b..626abf9  main -> main
To github.com:metatim89-a11y/Gameroom.git
   626abf9..57d59ab  main -> main
To github.com:metatim89-a11y/Gameroom.git
   57d59ab..8b769ff  main -> main
To github.com:metatim89-a11y/Gameroom.git
   8b769ff..4f26a09  main -> main
To github.com:metatim89-a11y/Gameroom.git
   4f26a09..a13fbe8  main -> main
To github.com:metatim89-a11y/Gameroom.git
   a13fbe8..62fcb49  main -> main
To github.com:metatim89-a11y/Gameroom.git
   62fcb49..a653088  main -> main
To github.com:metatim89-a11y/Gameroom.git
   a653088..9eb0960  main -> main
To github.com:metatim89-a11y/Gameroom.git
   9eb0960..1ad0900  main -> main
To github.com:metatim89-a11y/Gameroom.git
   1ad0900..4b9abb9  main -> main
To github.com:metatim89-a11y/Gameroom.git
   4b9abb9..cb6e1e8  main -> main
To github.com:metatim89-a11y/Gameroom.git
   cb6e1e8..ddda452  main -> main
To github.com:metatim89-a11y/Gameroom.git
   ddda452..a61639d  main -> main
To github.com:metatim89-a11y/Gameroom.git
   a61639d..58e1b55  main -> main
To github.com:metatim89-a11y/Gameroom.git
   58e1b55..bf1b97d  main -> main
To github.com:metatim89-a11y/Gameroom.git
   bf1b97d..c3160a6  main -> main
To github.com:metatim89-a11y/Gameroom.git
   c3160a6..33b33c7  main -> main
To github.com:metatim89-a11y/Gameroom.git
   33b33c7..1ebdbbe  main -> main
To github.com:metatim89-a11y/Gameroom.git
   1ebdbbe..6a6c41f  main -> main
To github.com:metatim89-a11y/Gameroom.git
   6a6c41f..617e2e2  main -> main
To github.com:metatim89-a11y/Gameroom.git
   617e2e2..72afb82  main -> main
To github.com:metatim89-a11y/Gameroom.git
   72afb82..c1e6ad9  main -> main
To github.com:metatim89-a11y/Gameroom.git
   c1e6ad9..718ccea  main -> main
To github.com:metatim89-a11y/Gameroom.git
   718ccea..66bcc43  main -> main
To github.com:metatim89-a11y/Gameroom.git
   66bcc43..da8762e  main -> main
To github.com:metatim89-a11y/Gameroom.git
   da8762e..509c0fa  main -> main
To github.com:metatim89-a11y/Gameroom.git
   509c0fa..3b30fab  main -> main
To github.com:metatim89-a11y/Gameroom.git
   3b30fab..63d56e3  main -> main
To github.com:metatim89-a11y/Gameroom.git
   63d56e3..d7052a3  main -> main
To github.com:metatim89-a11y/Gameroom.git
   d7052a3..935c63d  main -> main
To github.com:metatim89-a11y/Gameroom.git
   935c63d..5070839  main -> main
To github.com:metatim89-a11y/Gameroom.git
   5070839..ab3ce3f  main -> main
To github.com:metatim89-a11y/Gameroom.git
   ab3ce3f..dae9cbf  main -> main
To github.com:metatim89-a11y/Gameroom.git
   dae9cbf..36a01d7  main -> main
To github.com:metatim89-a11y/Gameroom.git
   36a01d7..4643bff  main -> main
To github.com:metatim89-a11y/Gameroom.git
   4643bff..4611033  main -> main
To github.com:metatim89-a11y/Gameroom.git
   4611033..92dca05  main -> main
To github.com:metatim89-a11y/Gameroom.git
   92dca05..17688d6  main -> main
error: cannot pull with rebase: You have unstaged changes.
error: Please commit or stash them.
To github.com:metatim89-a11y/Gameroom.git
   17688d6..c17705f  main -> main
To github.com:metatim89-a11y/Gameroom.git
   c17705f..f544177  main -> main
To github.com:metatim89-a11y/Gameroom.git
   f544177..ea7c24d  main -> main
error: cannot pull with rebase: You have unstaged changes.
error: Please commit or stash them.
To github.com:metatim89-a11y/Gameroom.git
   ea7c24d..4c2ded1  main -> main
To github.com:metatim89-a11y/Gameroom.git
   4c2ded1..a6c9391  main -> main
To github.com:metatim89-a11y/Gameroom.git
   a6c9391..5690436  main -> main
error: cannot pull with rebase: You have unstaged changes.
error: Please commit or stash them.
To github.com:metatim89-a11y/Gameroom.git
   5690436..2ce1d8c  main -> main
error: cannot pull with rebase: You have unstaged changes.
error: Please commit or stash them.
To github.com:metatim89-a11y/Gameroom.git
   2ce1d8c..22370b2  main -> main
To github.com:metatim89-a11y/Gameroom.git
   22370b2..0156787  main -> main
To github.com:metatim89-a11y/Gameroom.git
   0156787..31becd0  main -> main
To github.com:metatim89-a11y/Gameroom.git
   31becd0..46a19c0  main -> main
To github.com:metatim89-a11y/Gameroom.git
   46a19c0..9771f28  main -> main
To github.com:metatim89-a11y/Gameroom.git
   9771f28..d3c48de  main -> main
kex_exchange_identification: read: Connection reset by peer
Connection reset by 2607:7700:0:4:0:2:8c52:7104 port 22
fatal: Could not read from remote repository.

Please make sure you have the correct access rights
and the repository exists.
To github.com:metatim89-a11y/Gameroom.git
   d3c48de..0282d0b  main -> main
To github.com:metatim89-a11y/Gameroom.git
   0282d0b..b03622c  main -> main
To github.com:metatim89-a11y/Gameroom.git
   b03622c..5d4f1d4  main -> main
To github.com:metatim89-a11y/Gameroom.git
   5d4f1d4..3ebde40  main -> main
To github.com:metatim89-a11y/Gameroom.git
   3ebde40..9275cfa  main -> main
To github.com:metatim89-a11y/Gameroom.git
   9275cfa..5021d42  main -> main
From github.com:metatim89-a11y/Gameroom
 * branch            main       -> FETCH_HEAD
To github.com:metatim89-a11y/Gameroom.git
   5021d42..a0ffe08  main -> main
error: cannot rebase: You have unstaged changes.
error: Please commit or stash them.
To github.com:metatim89-a11y/Gameroom.git
   a0ffe08..c22f172  main -> main
To github.com:metatim89-a11y/Gameroom.git
   c22f172..0d2bd9d  main -> main
To github.com:metatim89-a11y/Gameroom.git
   0d2bd9d..95cf4e9  main -> main
To github.com:metatim89-a11y/Gameroom.git
   95cf4e9..9bcd61a  main -> main
To github.com:metatim89-a11y/Gameroom.git
   9bcd61a..f97fad2  main -> main
To github.com:metatim89-a11y/Gameroom.git
   f97fad2..1a60192  main -> main
To github.com:metatim89-a11y/Gameroom.git
   1a60192..2d8d8d8  main -> main
To github.com:metatim89-a11y/Gameroom.git
   2d8d8d8..22819d2  main -> main
To github.com:metatim89-a11y/Gameroom.git
   22819d2..17a7f8b  main -> main
To github.com:metatim89-a11y/Gameroom.git
   17a7f8b..ad0e7e6  main -> main
To github.com:metatim89-a11y/Gameroom.git
   ad0e7e6..e8813a4  main -> main
To github.com:metatim89-a11y/Gameroom.git
   e8813a4..3e94e0d  main -> main
To github.com:metatim89-a11y/Gameroom.git
   3e94e0d..28e727f  main -> main
To github.com:metatim89-a11y/Gameroom.git
   28e727f..7b7136b  main -> main
To github.com:metatim89-a11y/Gameroom.git
   7b7136b..9c4fba1  main -> main
To github.com:metatim89-a11y/Gameroom.git
   9c4fba1..76e9b8a  main -> main
To github.com:metatim89-a11y/Gameroom.git
   76e9b8a..4a455e1  main -> main
To github.com:metatim89-a11y/Gameroom.git
   4a455e1..565088b  main -> main
To github.com:metatim89-a11y/Gameroom.git
   565088b..703f77b  main -> main
Everything up-to-date
Everything up-to-date
Everything up-to-date
Everything up-to-date
Everything up-to-date
Everything up-to-date
Everything up-to-date
Everything up-to-date
Everything up-to-date
Everything up-to-date
Everything up-to-date
Everything up-to-date
Everything up-to-date
Everything up-to-date
Everything up-to-date
Everything up-to-date
Everything up-to-date
Everything up-to-date
Everything up-to-date
Everything up-to-date
Everything up-to-date
Everything up-to-date
Everything up-to-date
Everything up-to-date
Everything up-to-date
Everything up-to-date
Everything up-to-date
Everything up-to-date
Everything up-to-date
Everything up-to-date
Everything up-to-date
Everything up-to-date
Everything up-to-date
Everything up-to-date
Everything up-to-date
Everything up-to-date
Everything up-to-date
Everything up-to-date
Everything up-to-date
Everything up-to-date
Everything up-to-date
Everything up-to-date
Everything up-to-date
Everything up-to-date
Everything up-to-date
Everything up-to-date
Everything up-to-date
Everything up-to-date
Everything up-to-date
Everything up-to-date
Everything up-to-date
Everything up-to-date
Everything up-to-date
Everything up-to-date
Everything up-to-date
Everything up-to-date
Everything up-to-date
Everything up-to-date
Everything up-to-date
Everything up-to-date
Everything up-to-date
Everything up-to-date
Everything up-to-date
Everything up-to-date
Everything up-to-date
Everything up-to-date
Everything up-to-date
Everything up-to-date
Everything up-to-date
Everything up-to-date
Everything up-to-date
Everything up-to-date
Everything up-to-date
Everything up-to-date
Everything up-to-date
Everything up-to-date
Everything up-to-date
Everything up-to-date
Everything up-to-date
Everything up-to-date
Everything up-to-date
Everything up-to-date
Everything up-to-date
Everything up-to-date
Everything up-to-date
Everything up-to-date
Everything up-to-date
Everything up-to-date
Everything up-to-date
Everything up-to-date
Everything up-to-date
Everything up-to-date
Everything up-to-date
Everything up-to-date
Everything up-to-date
Everything up-to-date
Everything up-to-date
Everything up-to-date
Everything up-to-date
Everything up-to-date
Everything up-to-date
Everything up-to-date
Everything up-to-date
Everything up-to-date
Everything up-to-date
Everything up-to-date
Everything up-to-date
Everything up-to-date
Everything up-to-date
Everything up-to-date
Everything up-to-date
Everything up-to-date
Everything up-to-date
Everything up-to-date
Everything up-to-date
Everything up-to-date
Everything up-to-date
Everything up-to-date
Everything up-to-date
Everything up-to-date
Everything up-to-date
Everything up-to-date
Everything up-to-date
Everything up-to-date
Everything up-to-date
Everything up-to-date
Everything up-to-date
Everything up-to-date
Everything up-to-date
Everything up-to-date
Everything up-to-date
Everything up-to-date
Everything up-to-date
Everything up-to-date
Everything up-to-date
Everything up-to-date
Everything up-to-date
Everything up-to-date
Everything up-to-date
Everything up-to-date
Everything up-to-date
Everything up-to-date
Everything up-to-date
Everything up-to-date
Everything up-to-date
Everything up-to-date
Everything up-to-date
Everything up-to-date
Everything up-to-date
Everything up-to-date
Everything up-to-date
Everything up-to-date
Everything up-to-date
Everything up-to-date
Everything up-to-date
Everything up-to-date
Everything up-to-date
Everything up-to-date
Everything up-to-date
Everything up-to-date
Everything up-to-date
Everything up-to-date
Everything up-to-date
Everything up-to-date
Everything up-to-date
Everything up-to-date
Everything up-to-date
Everything up-to-date
Everything up-to-date
Everything up-to-date
Everything up-to-date
Everything up-to-date
Everything up-to-date
Everything up-to-date
Everything up-to-date
Everything up-to-date
Everything up-to-date
Everything up-to-date
Everything up-to-date
Everything up-to-date
Everything up-to-date
Everything up-to-date
Everything up-to-date
Everything up-to-date
Everything up-to-date
Everything up-to-date
Everything up-to-date
Everything up-to-date
Everything up-to-date
Everything up-to-date
Everything up-to-date
Everything up-to-date
Everything up-to-date
Everything up-to-date
Everything up-to-date
Everything up-to-date
Everything up-to-date
Everything up-to-date
Everything up-to-date
Everything up-to-date
Everything up-to-date
Everything up-to-date
Everything up-to-date
Everything up-to-date
Everything up-to-date
Everything up-to-date
Everything up-to-date
Everything up-to-date
Everything up-to-date
Everything up-to-date
Everything up-to-date
Everything up-to-date
Everything up-to-date
Everything up-to-date
Everything up-to-date
Everything up-to-date
Everything up-to-date
Everything up-to-date
Everything up-to-date
Everything up-to-date
Everything up-to-date
Everything up-to-date
Everything up-to-date
Everything up-to-date
Everything up-to-date
Everything up-to-date
Everything up-to-date
Everything up-to-date
Everything up-to-date
Everything up-to-date
Everything up-to-date
Everything up-to-date
Everything up-to-date
Everything up-to-date
Everything up-to-date
Everything up-to-date
Everything up-to-date
Everything up-to-date
Everything up-to-date
Everything up-to-date
Everything up-to-date
Everything up-to-date
Everything up-to-date
Everything up-to-date
Everything up-to-date
Everything up-to-date
Everything up-to-date
Everything up-to-date
Everything up-to-date
Everything up-to-date
Everything up-to-date
Everything up-to-date
ssh: Could not resolve hostname github.com: No address associated with hostname
fatal: Could not read from remote repository.

Please make sure you have the correct access rights
and the repository exists.
Everything up-to-date
ssh: Could not resolve hostname github.com: No address associated with hostname
fatal: Could not read from remote repository.

Please make sure you have the correct access rights
and the repository exists.
ssh: Could not resolve hostname github.com: No address associated with hostname
fatal: Could not read from remote repository.

Please make sure you have the correct access rights
and the repository exists.
ssh: Could not resolve hostname github.com: No address associated with hostname
fatal: Could not read from remote repository.

Please make sure you have the correct access rights
and the repository exists.
ssh: Could not resolve hostname github.com: No address associated with hostname
fatal: Could not read from remote repository.

Please make sure you have the correct access rights
and the repository exists.
ssh: Could not resolve hostname github.com: No address associated with hostname
fatal: Could not read from remote repository.

Please make sure you have the correct access rights
and the repository exists.
ssh: Could not resolve hostname github.com: No address associated with hostname
fatal: Could not read from remote repository.

Please make sure you have the correct access rights
and the repository exists.
ssh: Could not resolve hostname github.com: No address associated with hostname
fatal: Could not read from remote repository.

Please make sure you have the correct access rights
and the repository exists.
ssh: Could not resolve hostname github.com: No address associated with hostname
fatal: Could not read from remote repository.

Please make sure you have the correct access rights
and the repository exists.
ssh: Could not resolve hostname github.com: No address associated with hostname
fatal: Could not read from remote repository.

Please make sure you have the correct access rights
and the repository exists.
ssh: Could not resolve hostname github.com: No address associated with hostname
fatal: Could not read from remote repository.

Please make sure you have the correct access rights
and the repository exists.
ssh: Could not resolve hostname github.com: No address associated with hostname
fatal: Could not read from remote repository.

Please make sure you have the correct access rights
and the repository exists.
ssh: Could not resolve hostname github.com: No address associated with hostname
fatal: Could not read from remote repository.

Please make sure you have the correct access rights
and the repository exists.
ssh: Could not resolve hostname github.com: No address associated with hostname
fatal: Could not read from remote repository.

Please make sure you have the correct access rights
and the repository exists.
ssh: Could not resolve hostname github.com: No address associated with hostname
fatal: Could not read from remote repository.

Please make sure you have the correct access rights
and the repository exists.
ssh: Could not resolve hostname github.com: No address associated with hostname
fatal: Could not read from remote repository.

Please make sure you have the correct access rights
and the repository exists.
ssh: Could not resolve hostname github.com: No address associated with hostname
fatal: Could not read from remote repository.

Please make sure you have the correct access rights
and the repository exists.
ssh: Could not resolve hostname github.com: No address associated with hostname
fatal: Could not read from remote repository.

Please make sure you have the correct access rights
and the repository exists.
ssh: Could not resolve hostname github.com: No address associated with hostname
fatal: Could not read from remote repository.

Please make sure you have the correct access rights
and the repository exists.
ssh: Could not resolve hostname github.com: No address associated with hostname
fatal: Could not read from remote repository.

Please make sure you have the correct access rights
and the repository exists.
ssh: Could not resolve hostname github.com: No address associated with hostname
fatal: Could not read from remote repository.

Please make sure you have the correct access rights
and the repository exists.
ssh: Could not resolve hostname github.com: No address associated with hostname
fatal: Could not read from remote repository.

Please make sure you have the correct access rights
and the repository exists.
Everything up-to-date
Everything up-to-date
Everything up-to-date
Everything up-to-date
Everything up-to-date
Everything up-to-date
Everything up-to-date
Everything up-to-date
Everything up-to-date
Everything up-to-date
Everything up-to-date
ssh_dispatch_run_fatal: Connection to 140.82.114.4 port 22: Software caused connection abort
fatal: Could not read from remote repository.

Please make sure you have the correct access rights
and the repository exists.
Everything up-to-date
Everything up-to-date
Everything up-to-date
Everything up-to-date
Everything up-to-date
Everything up-to-date
Everything up-to-date
Everything up-to-date
Everything up-to-date
Everything up-to-date
Everything up-to-date
Everything up-to-date
Everything up-to-date
Everything up-to-date
Everything up-to-date
Everything up-to-date
Everything up-to-date
Everything up-to-date
Everything up-to-date
Everything up-to-date
Everything up-to-date
Everything up-to-date
Everything up-to-date
Everything up-to-date
Everything up-to-date
Everything up-to-date
Everything up-to-date
Everything up-to-date
Everything up-to-date
Everything up-to-date
Everything up-to-date
Everything up-to-date
Everything up-to-date
Everything up-to-date
Everything up-to-date
Everything up-to-date
Everything up-to-date
Everything up-to-date
Everything up-to-date
Everything up-to-date
Everything up-to-date
Everything up-to-date
Everything up-to-date
Everything up-to-date
Everything up-to-date
Everything up-to-date
Everything up-to-date
Everything up-to-date
Everything up-to-date
Everything up-to-date
Everything up-to-date
Everything up-to-date
Everything up-to-date
Everything up-to-date
Everything up-to-date
Everything up-to-date
Everything up-to-date
Everything up-to-date
Everything up-to-date
Everything up-to-date
Everything up-to-date
Everything up-to-date
Everything up-to-date
Everything up-to-date
Everything up-to-date
Everything up-to-date
Everything up-to-date
Everything up-to-date
Everything up-to-date
Everything up-to-date
Everything up-to-date
Everything up-to-date
Everything up-to-date
Everything up-to-date
Everything up-to-date
Everything up-to-date
Everything up-to-date
Everything up-to-date
Everything up-to-date
Everything up-to-date
Everything up-to-date
Everything up-to-date
Everything up-to-date
Everything up-to-date
Everything up-to-date
Everything up-to-date
Everything up-to-date
Everything up-to-date
Everything up-to-date
Everything up-to-date
Everything up-to-date
Everything up-to-date
Everything up-to-date
Everything up-to-date
Everything up-to-date
Everything up-to-date
Everything up-to-date
Everything up-to-date
ssh: Could not resolve hostname github.com: No address associated with hostname
fatal: Could not read from remote repository.

Please make sure you have the correct access rights
and the repository exists.
Everything up-to-date
Everything up-to-date
Everything up-to-date
Everything up-to-date
Everything up-to-date
Everything up-to-date
Everything up-to-date
Everything up-to-date
Everything up-to-date
Everything up-to-date
Everything up-to-date
Everything up-to-date
Everything up-to-date
Everything up-to-date
Everything up-to-date
Everything up-to-date
Everything up-to-date
Everything up-to-date
Everything up-to-date
Everything up-to-date
Everything up-to-date
Everything up-to-date
Everything up-to-date
Everything up-to-date
Everything up-to-date
Everything up-to-date
Everything up-to-date
Everything up-to-date
Everything up-to-date
Everything up-to-date
Everything up-to-date
Everything up-to-date
Everything up-to-date
ssh: Could not resolve hostname github.com: No address associated with hostname
fatal: Could not read from remote repository.

Please make sure you have the correct access rights
and the repository exists.
Everything up-to-date
Everything up-to-date
Everything up-to-date
Everything up-to-date
Everything up-to-date
Everything up-to-date
Everything up-to-date
Everything up-to-date
Everything up-to-date
Everything up-to-date
Everything up-to-date
Everything up-to-date
Everything up-to-date
Everything up-to-date
Everything up-to-date
Everything up-to-date
Everything up-to-date
Everything up-to-date
Everything up-to-date
Everything up-to-date
Everything up-to-date
Everything up-to-date
Everything up-to-date
Everything up-to-date
Everything up-to-date
Everything up-to-date
Everything up-to-date
Everything up-to-date
Everything up-to-date
Everything up-to-date
Everything up-to-date
Everything up-to-date
Everything up-to-date
Everything up-to-date
Everything up-to-date
Everything up-to-date
Everything up-to-date
Everything up-to-date
Everything up-to-date
Everything up-to-date
Everything up-to-date
Everything up-to-date
Everything up-to-date
Everything up-to-date
Everything up-to-date
Everything up-to-date
Everything up-to-date
Everything up-to-date
Everything up-to-date
ssh: Could not resolve hostname github.com: No address associated with hostname
fatal: Could not read from remote repository.

Please make sure you have the correct access rights
and the repository exists.
Everything up-to-date
Everything up-to-date
Everything up-to-date
Everything up-to-date
Everything up-to-date
Everything up-to-date
Everything up-to-date
Everything up-to-date
Everything up-to-date
Everything up-to-date
Everything up-to-date
Everything up-to-date
ssh: Could not resolve hostname github.com: No address associated with hostname
fatal: Could not read from remote repository.

Please make sure you have the correct access rights
and the repository exists.
Everything up-to-date
Everything up-to-date
Everything up-to-date
Everything up-to-date
Everything up-to-date
Everything up-to-date
Everything up-to-date
Everything up-to-date
Everything up-to-date
Everything up-to-date
Everything up-to-date
Everything up-to-date
Everything up-to-date
Everything up-to-date
Everything up-to-date
Everything up-to-date
Everything up-to-date
ssh: Could not resolve hostname github.com: No address associated with hostname
fatal: Could not read from remote repository.

Please make sure you have the correct access rights
and the repository exists.
ssh: Could not resolve hostname github.com: No address associated with hostname
fatal: Could not read from remote repository.

Please make sure you have the correct access rights
and the repository exists.
Everything up-to-date
Everything up-to-date
Everything up-to-date
Everything up-to-date
Everything up-to-date
Everything up-to-date
Everything up-to-date
Everything up-to-date
Everything up-to-date
Everything up-to-date
Everything up-to-date
Everything up-to-date
Everything up-to-date
Everything up-to-date
Everything up-to-date
Everything up-to-date
Everything up-to-date
Everything up-to-date
Everything up-to-date
Everything up-to-date
Everything up-to-date
Everything up-to-date
Everything up-to-date
Everything up-to-date
Everything up-to-date
Everything up-to-date
Everything up-to-date
Everything up-to-date
Everything up-to-date
Everything up-to-date
Everything up-to-date
Everything up-to-date
Everything up-to-date
Everything up-to-date
Everything up-to-date
Everything up-to-date
Everything up-to-date
Everything up-to-date
Everything up-to-date
Everything up-to-date
Everything up-to-date
Everything up-to-date
Everything up-to-date
Everything up-to-date
Everything up-to-date
Everything up-to-date
Everything up-to-date
Everything up-to-date
Everything up-to-date
Everything up-to-date
Everything up-to-date
Everything up-to-date
Everything up-to-date
Everything up-to-date
Everything up-to-date
Everything up-to-date
Everything up-to-date
Everything up-to-date
Everything up-to-date
Everything up-to-date
Everything up-to-date
Everything up-to-date
Everything up-to-date
Everything up-to-date
Everything up-to-date
Everything up-to-date
Everything up-to-date
Everything up-to-date
Everything up-to-date
Everything up-to-date
Everything up-to-date
Everything up-to-date
Everything up-to-date
Everything up-to-date
Everything up-to-date
Everything up-to-date
Everything up-to-date
Everything up-to-date
Everything up-to-date
Everything up-to-date
Everything up-to-date
Everything up-to-date
Everything up-to-date
Everything up-to-date
Everything up-to-date
Everything up-to-date
Everything up-to-date
Everything up-to-date
Everything up-to-date
Everything up-to-date
Everything up-to-date
Everything up-to-date
Everything up-to-date
Everything up-to-date
Everything up-to-date
Everything up-to-date
Everything up-to-date
Everything up-to-date
Everything up-to-date
Everything up-to-date
Everything up-to-date
Everything up-to-date
Everything up-to-date
Everything up-to-date
Everything up-to-date
Everything up-to-date
Everything up-to-date
Everything up-to-date
Everything up-to-date
Everything up-to-date
Everything up-to-date
Everything up-to-date
Everything up-to-date
Everything up-to-date
Everything up-to-date
Everything up-to-date
Everything up-to-date
Everything up-to-date
Everything up-to-date
Everything up-to-date
Everything up-to-date
Everything up-to-date
Everything up-to-date
Everything up-to-date
Everything up-to-date
Everything up-to-date
Everything up-to-date
Everything up-to-date
Everything up-to-date
Everything up-to-date
Everything up-to-date
Everything up-to-date
Everything up-to-date
Everything up-to-date
Everything up-to-date
Everything up-to-date
Everything up-to-date
Everything up-to-date
Everything up-to-date
Everything up-to-date
Everything up-to-date
Everything up-to-date
Everything up-to-date
Everything up-to-date
Everything up-to-date
Everything up-to-date
